<?xml version="1.0" encoding="UTF-8"?>
<!-- Generated by org.testng.reporters.JUnitReportReporter -->
<testsuite hostname="DESKTOP-S8GGT3F" failures="0" tests="1" name="com.HRMAutomation.base.BaseClasss" time="7.368" errors="0" timestamp="2022-07-17T18:14:14 EAT" skipped="0">
  <testcase classname="com.HRMAutomation.base.BaseClasss" name="Initialization" time="7.368"/>
  <system-out/>
</testsuite> <!-- com.HRMAutomation.base.BaseClasss -->
